Build started 21/12/2017 7:35:01 PM.
     1>Project "C:\Users\AIE\Documents\GitHub\Shader\Shader\Shader\Shader.vcxproj" on node 2 (Build target(s)).
     1>ClCompile:
         C:\Program Files (x86)\Microsoft Visual Studio 14.0\VC\bin\CL.exe /c /Zi /nologo /W3 /WX- /sdl /O2 /Oi /Oy- /GL /D _MBCS /Gm- /EHsc /MD /GS /Gy /fp:precise /Zc:wchar_t /Zc:forScope /Zc:inline /Fo"Release\\" /Fd"Release\vc140.pdb" /Gd /TP /analyze- /errorReport:prompt main.cpp
         main.cpp
     1>main.cpp(1): error C2144: syntax error: 'char' should be preceded by ','
     1>Done Building Project "C:\Users\AIE\Documents\GitHub\Shader\Shader\Shader\Shader.vcxproj" (Build target(s)) -- FAILED.

Build FAILED.

Time Elapsed 00:00:01.64
